<?xml version="1.0" encoding="UTF-8"?>
<coverage generated="1569536069823" clover="3.2.0">
  <project timestamp="1569536069824" name="All files">
    <metrics statements="25" coveredstatements="25" conditionals="6" coveredconditionals="4" methods="9" coveredmethods="9" elements="40" coveredelements="38" complexity="0" loc="25" ncloc="25" packages="1" files="3" classes="3"/>
    <file name="bank.js" path="/Users/student/Desktop/week10/Bank-js/lib/bank.js">
      <metrics statements="14" coveredstatements="14" conditionals="4" coveredconditionals="4" methods="4" coveredmethods="4"/>
      <line num="1" count="2" type="stmt"/>
      <line num="2" count="2" type="stmt"/>
      <line num="6" count="3" type="stmt"/>
      <line num="7" count="3" type="stmt"/>
      <line num="8" count="3" type="stmt"/>
      <line num="9" count="3" type="stmt"/>
      <line num="13" count="3" type="stmt"/>
      <line num="14" count="3" type="stmt"/>
      <line num="18" count="2" type="cond" truecount="2" falsecount="0"/>
      <line num="19" count="1" type="stmt"/>
      <line num="20" count="1" type="stmt"/>
      <line num="24" count="2" type="stmt"/>
      <line num="25" count="2" type="stmt"/>
      <line num="29" count="2" type="stmt"/>
    </file>
    <file name="printer.js" path="/Users/student/Desktop/week10/Bank-js/lib/printer.js">
      <metrics statements="4" coveredstatements="4" conditionals="0" coveredconditionals="0" methods="2" coveredmethods="2"/>
      <line num="6" count="3" type="stmt"/>
      <line num="7" count="3" type="stmt"/>
      <line num="8" count="6" type="stmt"/>
      <line num="13" count="3" type="stmt"/>
    </file>
    <file name="transaction.js" path="/Users/student/Desktop/week10/Bank-js/lib/transaction.js">
      <metrics statements="7" coveredstatements="7" conditionals="2" coveredconditionals="0" methods="3" coveredmethods="3"/>
      <line num="6" count="5" type="stmt"/>
      <line num="7" count="5" type="stmt"/>
      <line num="12" count="5" type="stmt"/>
      <line num="13" count="5" type="stmt"/>
      <line num="14" count="5" type="stmt"/>
      <line num="15" count="5" type="stmt"/>
      <line num="19" count="3" type="stmt"/>
    </file>
  </project>
</coverage>
