<?xml version="1.0" encoding="UTF-8"?>
<coverage generated="1569506868242" clover="3.2.0">
  <project timestamp="1569506868242" name="All files">
    <metrics statements="26" coveredstatements="19" conditionals="5" coveredconditionals="2" methods="10" coveredmethods="8" elements="41" coveredelements="29" complexity="0" loc="26" ncloc="26" packages="1" files="3" classes="3"/>
    <file name="bank.js" path="/Users/student/Desktop/week10/Bank-js/lib/bank.js">
      <metrics statements="11" coveredstatements="7" conditionals="3" coveredconditionals="2" methods="4" coveredmethods="3"/>
      <line num="1" count="3" type="stmt"/>
      <line num="5" count="3" type="stmt"/>
      <line num="6" count="3" type="stmt"/>
      <line num="7" count="3" type="stmt"/>
      <line num="11" count="0" type="stmt"/>
      <line num="12" count="0" type="stmt"/>
      <line num="16" count="1" type="cond" truecount="1" falsecount="1"/>
      <line num="17" count="0" type="stmt"/>
      <line num="18" count="0" type="stmt"/>
      <line num="22" count="1" type="stmt"/>
      <line num="26" count="3" type="stmt"/>
    </file>
    <file name="printer.js" path="/Users/student/Desktop/week10/Bank-js/lib/printer.js">
      <metrics statements="7" coveredstatements="4" conditionals="0" coveredconditionals="0" methods="3" coveredmethods="2"/>
      <line num="3" count="1" type="stmt"/>
      <line num="4" count="1" type="stmt"/>
      <line num="8" count="1" type="stmt"/>
      <line num="12" count="0" type="stmt"/>
      <line num="13" count="0" type="stmt"/>
      <line num="14" count="0" type="stmt"/>
      <line num="19" count="1" type="stmt"/>
    </file>
    <file name="transaction.js" path="/Users/student/Desktop/week10/Bank-js/lib/transaction.js">
      <metrics statements="8" coveredstatements="8" conditionals="2" coveredconditionals="0" methods="3" coveredmethods="3"/>
      <line num="6" count="1" type="stmt"/>
      <line num="7" count="1" type="stmt"/>
      <line num="8" count="1" type="stmt"/>
      <line num="12" count="1" type="stmt"/>
      <line num="13" count="1" type="stmt"/>
      <line num="14" count="1" type="stmt"/>
      <line num="15" count="1" type="stmt"/>
      <line num="19" count="4" type="stmt"/>
    </file>
  </project>
</coverage>
