TN:
SF:/Users/student/Desktop/week10/Bank-js/lib/bank.js
FN:5,(anonymous_0)
FN:12,(anonymous_1)
FN:17,(anonymous_2)
FN:23,(anonymous_3)
FNF:4
FNH:4
FNDA:3,(anonymous_0)
FNDA:3,(anonymous_1)
FNDA:2,(anonymous_2)
FNDA:2,(anonymous_3)
DA:1,2
DA:2,2
DA:6,3
DA:7,3
DA:8,3
DA:9,3
DA:13,3
DA:14,3
DA:18,2
DA:19,1
DA:20,1
DA:24,2
DA:25,2
DA:29,2
LF:14
LH:14
BRDA:5,0,0,3
BRDA:5,1,0,3
BRDA:18,2,0,1
BRDA:18,2,1,1
BRF:4
BRH:4
end_of_record
TN:
SF:/Users/student/Desktop/week10/Bank-js/lib/printer.js
FN:2,(anonymous_0)
FN:5,(anonymous_1)
FNF:2
FNH:2
FNDA:4,(anonymous_0)
FNDA:3,(anonymous_1)
DA:6,3
DA:7,3
DA:8,6
DA:13,3
LF:4
LH:4
BRF:0
BRH:0
end_of_record
TN:
SF:/Users/student/Desktop/week10/Bank-js/lib/transaction.js
FN:2,(anonymous_0)
FN:5,(anonymous_1)
FN:11,(anonymous_2)
FNF:3
FNH:3
FNDA:4,(anonymous_0)
FNDA:5,(anonymous_1)
FNDA:5,(anonymous_2)
DA:6,5
DA:7,5
DA:12,5
DA:13,5
DA:14,5
DA:15,5
DA:19,3
LF:7
LH:7
BRDA:5,0,0,0
BRDA:11,1,0,0
BRF:2
BRH:0
end_of_record
