TN:
SF:/Users/student/Desktop/week10/Bank-js/lib/bank.js
FN:2,(anonymous_0)
FN:6,(anonymous_1)
FN:10,(anonymous_2)
FNF:3
FNH:3
FNDA:4,(anonymous_0)
FNDA:2,(anonymous_1)
FNDA:2,(anonymous_2)
DA:3,4
DA:7,2
DA:11,2
DA:12,1
DA:26,2
LF:5
LH:5
BRDA:11,0,0,1
BRDA:11,0,1,1
BRF:2
BRH:2
end_of_record
TN:
SF:/Users/student/Desktop/week10/Bank-js/lib/printer.js
FN:2,(anonymous_0)
FN:7,(anonymous_1)
FN:11,(anonymous_2)
FNF:3
FNH:2
FNDA:1,(anonymous_0)
FNDA:1,(anonymous_1)
FNDA:0,(anonymous_2)
DA:3,1
DA:4,1
DA:8,1
DA:12,0
DA:13,0
DA:14,0
DA:19,1
LF:7
LH:4
BRF:0
BRH:0
end_of_record
